2012/07/02 05:04:25 [error] [exception.CHttpException.404] exception 'CHttpException' with message 'The system is unable to find the requested action "dirección de imagen".' in C:\wamp\www\yii\framework\web\CController.php:484
Stack trace:
#0 C:\wamp\www\yii\framework\web\CController.php(271): CController->missingAction('direcci??n de i...')
#1 C:\wamp\www\yii\framework\web\CWebApplication.php(276): CController->run('direcci??n de i...')
#2 C:\wamp\www\yii\framework\web\CWebApplication.php(135): CWebApplication->runController('votaciones/dire...')
#3 C:\wamp\www\yii\framework\base\CApplication.php(162): CWebApplication->processRequest()
#4 C:\wamp\www\final\USIL-PHP-Teatro\index.php(13): CApplication->run()
#5 {main}
REQUEST_URI=/final/USIL-PHP-Teatro/index.php/votaciones/direcci%C3%B3n%20de%20imagen
HTTP_REFERER=http://localhost/final/USIL-PHP-Teatro/index.php/votaciones/browse?gid=1
---
2012/07/02 05:04:25 [error] [exception.CHttpException.404] exception 'CHttpException' with message 'The system is unable to find the requested action "dirección de imagen".' in C:\wamp\www\yii\framework\web\CController.php:484
Stack trace:
#0 C:\wamp\www\yii\framework\web\CController.php(271): CController->missingAction('direcci??n de i...')
#1 C:\wamp\www\yii\framework\web\CWebApplication.php(276): CController->run('direcci??n de i...')
#2 C:\wamp\www\yii\framework\web\CWebApplication.php(135): CWebApplication->runController('votaciones/dire...')
#3 C:\wamp\www\yii\framework\base\CApplication.php(162): CWebApplication->processRequest()
#4 C:\wamp\www\final\USIL-PHP-Teatro\index.php(13): CApplication->run()
#5 {main}
REQUEST_URI=/final/USIL-PHP-Teatro/index.php/votaciones/direcci%C3%B3n%20de%20imagen
---
2012/07/02 05:04:29 [error] [exception.CHttpException.404] exception 'CHttpException' with message 'The system is unable to find the requested action "dirección de imagen".' in C:\wamp\www\yii\framework\web\CController.php:484
Stack trace:
#0 C:\wamp\www\yii\framework\web\CController.php(271): CController->missingAction('direcci??n de i...')
#1 C:\wamp\www\yii\framework\web\CWebApplication.php(276): CController->run('direcci??n de i...')
#2 C:\wamp\www\yii\framework\web\CWebApplication.php(135): CWebApplication->runController('votaciones/dire...')
#3 C:\wamp\www\yii\framework\base\CApplication.php(162): CWebApplication->processRequest()
#4 C:\wamp\www\final\USIL-PHP-Teatro\index.php(13): CApplication->run()
#5 {main}
REQUEST_URI=/final/USIL-PHP-Teatro/index.php/votaciones/direcci%C3%B3n%20de%20imagen
HTTP_REFERER=http://localhost/final/USIL-PHP-Teatro/index.php/votaciones/like?gid=1&obra=1
---
2012/07/02 05:04:30 [error] [exception.CHttpException.404] exception 'CHttpException' with message 'The system is unable to find the requested action "dirección de imagen".' in C:\wamp\www\yii\framework\web\CController.php:484
Stack trace:
#0 C:\wamp\www\yii\framework\web\CController.php(271): CController->missingAction('direcci??n de i...')
#1 C:\wamp\www\yii\framework\web\CWebApplication.php(276): CController->run('direcci??n de i...')
#2 C:\wamp\www\yii\framework\web\CWebApplication.php(135): CWebApplication->runController('votaciones/dire...')
#3 C:\wamp\www\yii\framework\base\CApplication.php(162): CWebApplication->processRequest()
#4 C:\wamp\www\final\USIL-PHP-Teatro\index.php(13): CApplication->run()
#5 {main}
REQUEST_URI=/final/USIL-PHP-Teatro/index.php/votaciones/direcci%C3%B3n%20de%20imagen
---
2012/07/02 05:05:35 [error] [exception.CHttpException.404] exception 'CHttpException' with message 'The system is unable to find the requested action "dirección de imagen".' in C:\wamp\www\yii\framework\web\CController.php:484
Stack trace:
#0 C:\wamp\www\yii\framework\web\CController.php(271): CController->missingAction('direcci??n de i...')
#1 C:\wamp\www\yii\framework\web\CWebApplication.php(276): CController->run('direcci??n de i...')
#2 C:\wamp\www\yii\framework\web\CWebApplication.php(135): CWebApplication->runController('votaciones/dire...')
#3 C:\wamp\www\yii\framework\base\CApplication.php(162): CWebApplication->processRequest()
#4 C:\wamp\www\final\USIL-PHP-Teatro\index.php(13): CApplication->run()
#5 {main}
REQUEST_URI=/final/USIL-PHP-Teatro/index.php/votaciones/direcci%C3%B3n%20de%20imagen
HTTP_REFERER=http://localhost/final/USIL-PHP-Teatro/index.php/votaciones/browse?gid=1
---
2012/07/02 05:05:36 [error] [exception.CHttpException.404] exception 'CHttpException' with message 'The system is unable to find the requested action "dirección de imagen".' in C:\wamp\www\yii\framework\web\CController.php:484
Stack trace:
#0 C:\wamp\www\yii\framework\web\CController.php(271): CController->missingAction('direcci??n de i...')
#1 C:\wamp\www\yii\framework\web\CWebApplication.php(276): CController->run('direcci??n de i...')
#2 C:\wamp\www\yii\framework\web\CWebApplication.php(135): CWebApplication->runController('votaciones/dire...')
#3 C:\wamp\www\yii\framework\base\CApplication.php(162): CWebApplication->processRequest()
#4 C:\wamp\www\final\USIL-PHP-Teatro\index.php(13): CApplication->run()
#5 {main}
REQUEST_URI=/final/USIL-PHP-Teatro/index.php/votaciones/direcci%C3%B3n%20de%20imagen
---
2012/07/02 05:05:48 [error] [exception.CHttpException.404] exception 'CHttpException' with message 'The system is unable to find the requested action "dirección de imagen".' in C:\wamp\www\yii\framework\web\CController.php:484
Stack trace:
#0 C:\wamp\www\yii\framework\web\CController.php(271): CController->missingAction('direcci??n de i...')
#1 C:\wamp\www\yii\framework\web\CWebApplication.php(276): CController->run('direcci??n de i...')
#2 C:\wamp\www\yii\framework\web\CWebApplication.php(135): CWebApplication->runController('votaciones/dire...')
#3 C:\wamp\www\yii\framework\base\CApplication.php(162): CWebApplication->processRequest()
#4 C:\wamp\www\final\USIL-PHP-Teatro\index.php(13): CApplication->run()
#5 {main}
REQUEST_URI=/final/USIL-PHP-Teatro/index.php/votaciones/direcci%C3%B3n%20de%20imagen
HTTP_REFERER=http://localhost/final/USIL-PHP-Teatro/index.php/votaciones/browse?gid=1
---
2012/07/02 05:05:49 [error] [exception.CHttpException.404] exception 'CHttpException' with message 'The system is unable to find the requested action "dirección de imagen".' in C:\wamp\www\yii\framework\web\CController.php:484
Stack trace:
#0 C:\wamp\www\yii\framework\web\CController.php(271): CController->missingAction('direcci??n de i...')
#1 C:\wamp\www\yii\framework\web\CWebApplication.php(276): CController->run('direcci??n de i...')
#2 C:\wamp\www\yii\framework\web\CWebApplication.php(135): CWebApplication->runController('votaciones/dire...')
#3 C:\wamp\www\yii\framework\base\CApplication.php(162): CWebApplication->processRequest()
#4 C:\wamp\www\final\USIL-PHP-Teatro\index.php(13): CApplication->run()
#5 {main}
REQUEST_URI=/final/USIL-PHP-Teatro/index.php/votaciones/direcci%C3%B3n%20de%20imagen
---
2012/07/02 05:07:22 [error] [exception.CHttpException.404] exception 'CHttpException' with message 'The system is unable to find the requested action "dirección de imagen".' in C:\wamp\www\yii\framework\web\CController.php:484
Stack trace:
#0 C:\wamp\www\yii\framework\web\CController.php(271): CController->missingAction('direcci??n de i...')
#1 C:\wamp\www\yii\framework\web\CWebApplication.php(276): CController->run('direcci??n de i...')
#2 C:\wamp\www\yii\framework\web\CWebApplication.php(135): CWebApplication->runController('votaciones/dire...')
#3 C:\wamp\www\yii\framework\base\CApplication.php(162): CWebApplication->processRequest()
#4 C:\wamp\www\final\USIL-PHP-Teatro\index.php(13): CApplication->run()
#5 {main}
REQUEST_URI=/final/USIL-PHP-Teatro/index.php/votaciones/direcci%C3%B3n%20de%20imagen
HTTP_REFERER=http://localhost/final/USIL-PHP-Teatro/index.php/votaciones/notlike?gid=1&obra=2
---
2012/07/02 05:07:22 [error] [exception.CHttpException.404] exception 'CHttpException' with message 'The system is unable to find the requested action "dirección de imagen".' in C:\wamp\www\yii\framework\web\CController.php:484
Stack trace:
#0 C:\wamp\www\yii\framework\web\CController.php(271): CController->missingAction('direcci??n de i...')
#1 C:\wamp\www\yii\framework\web\CWebApplication.php(276): CController->run('direcci??n de i...')
#2 C:\wamp\www\yii\framework\web\CWebApplication.php(135): CWebApplication->runController('votaciones/dire...')
#3 C:\wamp\www\yii\framework\base\CApplication.php(162): CWebApplication->processRequest()
#4 C:\wamp\www\final\USIL-PHP-Teatro\index.php(13): CApplication->run()
#5 {main}
REQUEST_URI=/final/USIL-PHP-Teatro/index.php/votaciones/direcci%C3%B3n%20de%20imagen
---
2012/07/02 05:07:25 [error] [exception.CHttpException.404] exception 'CHttpException' with message 'The system is unable to find the requested action "dirección de imagen".' in C:\wamp\www\yii\framework\web\CController.php:484
Stack trace:
#0 C:\wamp\www\yii\framework\web\CController.php(271): CController->missingAction('direcci??n de i...')
#1 C:\wamp\www\yii\framework\web\CWebApplication.php(276): CController->run('direcci??n de i...')
#2 C:\wamp\www\yii\framework\web\CWebApplication.php(135): CWebApplication->runController('votaciones/dire...')
#3 C:\wamp\www\yii\framework\base\CApplication.php(162): CWebApplication->processRequest()
#4 C:\wamp\www\final\USIL-PHP-Teatro\index.php(13): CApplication->run()
#5 {main}
REQUEST_URI=/final/USIL-PHP-Teatro/index.php/votaciones/direcci%C3%B3n%20de%20imagen
HTTP_REFERER=http://localhost/final/USIL-PHP-Teatro/index.php/votaciones/like?gid=1&obra=3
---
2012/07/02 05:07:26 [error] [exception.CHttpException.404] exception 'CHttpException' with message 'The system is unable to find the requested action "dirección de imagen".' in C:\wamp\www\yii\framework\web\CController.php:484
Stack trace:
#0 C:\wamp\www\yii\framework\web\CController.php(271): CController->missingAction('direcci??n de i...')
#1 C:\wamp\www\yii\framework\web\CWebApplication.php(276): CController->run('direcci??n de i...')
#2 C:\wamp\www\yii\framework\web\CWebApplication.php(135): CWebApplication->runController('votaciones/dire...')
#3 C:\wamp\www\yii\framework\base\CApplication.php(162): CWebApplication->processRequest()
#4 C:\wamp\www\final\USIL-PHP-Teatro\index.php(13): CApplication->run()
#5 {main}
REQUEST_URI=/final/USIL-PHP-Teatro/index.php/votaciones/direcci%C3%B3n%20de%20imagen
---
2012/07/02 05:11:54 [error] [exception.CHttpException.404] exception 'CHttpException' with message 'The system is unable to find the requested action "dirección de imagen".' in C:\wamp\www\yii\framework\web\CController.php:484
Stack trace:
#0 C:\wamp\www\yii\framework\web\CController.php(271): CController->missingAction('direcci??n de i...')
#1 C:\wamp\www\yii\framework\web\CWebApplication.php(276): CController->run('direcci??n de i...')
#2 C:\wamp\www\yii\framework\web\CWebApplication.php(135): CWebApplication->runController('votaciones/dire...')
#3 C:\wamp\www\yii\framework\base\CApplication.php(162): CWebApplication->processRequest()
#4 C:\wamp\www\final\USIL-PHP-Teatro\index.php(13): CApplication->run()
#5 {main}
REQUEST_URI=/final/USIL-PHP-Teatro/index.php/votaciones/direcci%C3%B3n%20de%20imagen
HTTP_REFERER=http://localhost/final/USIL-PHP-Teatro/index.php/votaciones/browse?gid=1
---
2012/07/02 05:11:55 [error] [exception.CHttpException.404] exception 'CHttpException' with message 'The system is unable to find the requested action "dirección de imagen".' in C:\wamp\www\yii\framework\web\CController.php:484
Stack trace:
#0 C:\wamp\www\yii\framework\web\CController.php(271): CController->missingAction('direcci??n de i...')
#1 C:\wamp\www\yii\framework\web\CWebApplication.php(276): CController->run('direcci??n de i...')
#2 C:\wamp\www\yii\framework\web\CWebApplication.php(135): CWebApplication->runController('votaciones/dire...')
#3 C:\wamp\www\yii\framework\base\CApplication.php(162): CWebApplication->processRequest()
#4 C:\wamp\www\final\USIL-PHP-Teatro\index.php(13): CApplication->run()
#5 {main}
REQUEST_URI=/final/USIL-PHP-Teatro/index.php/votaciones/direcci%C3%B3n%20de%20imagen
---
2012/07/02 05:12:08 [error] [exception.CHttpException.404] exception 'CHttpException' with message 'The system is unable to find the requested action "php".' in C:\wamp\www\yii\framework\web\CController.php:484
Stack trace:
#0 C:\wamp\www\yii\framework\web\CController.php(271): CController->missingAction('php')
#1 C:\wamp\www\yii\framework\web\CWebApplication.php(276): CController->run('php')
#2 C:\wamp\www\yii\framework\web\CWebApplication.php(135): CWebApplication->runController('votaciones/php')
#3 C:\wamp\www\yii\framework\base\CApplication.php(162): CWebApplication->processRequest()
#4 C:\wamp\www\final\USIL-PHP-Teatro\index.php(13): CApplication->run()
#5 {main}
REQUEST_URI=/final/USIL-PHP-Teatro/index.php/votaciones/php
HTTP_REFERER=http://localhost/final/USIL-PHP-Teatro/index.php/votaciones/browse?gid=2
---
2012/07/02 05:12:08 [error] [exception.CHttpException.404] exception 'CHttpException' with message 'The system is unable to find the requested action "caracteres".' in C:\wamp\www\yii\framework\web\CController.php:484
Stack trace:
#0 C:\wamp\www\yii\framework\web\CController.php(271): CController->missingAction('caracteres')
#1 C:\wamp\www\yii\framework\web\CWebApplication.php(276): CController->run('caracteres')
#2 C:\wamp\www\yii\framework\web\CWebApplication.php(135): CWebApplication->runController('votaciones/cara...')
#3 C:\wamp\www\yii\framework\base\CApplication.php(162): CWebApplication->processRequest()
#4 C:\wamp\www\final\USIL-PHP-Teatro\index.php(13): CApplication->run()
#5 {main}
REQUEST_URI=/final/USIL-PHP-Teatro/index.php/votaciones/caracteres
HTTP_REFERER=http://localhost/final/USIL-PHP-Teatro/index.php/votaciones/browse?gid=2
---
2012/07/02 05:12:09 [error] [exception.CHttpException.404] exception 'CHttpException' with message 'The system is unable to find the requested action "caracteres".' in C:\wamp\www\yii\framework\web\CController.php:484
Stack trace:
#0 C:\wamp\www\yii\framework\web\CController.php(271): CController->missingAction('caracteres')
#1 C:\wamp\www\yii\framework\web\CWebApplication.php(276): CController->run('caracteres')
#2 C:\wamp\www\yii\framework\web\CWebApplication.php(135): CWebApplication->runController('votaciones/cara...')
#3 C:\wamp\www\yii\framework\base\CApplication.php(162): CWebApplication->processRequest()
#4 C:\wamp\www\final\USIL-PHP-Teatro\index.php(13): CApplication->run()
#5 {main}
REQUEST_URI=/final/USIL-PHP-Teatro/index.php/votaciones/caracteres
---
2012/07/02 05:12:09 [error] [exception.CHttpException.404] exception 'CHttpException' with message 'The system is unable to find the requested action "php".' in C:\wamp\www\yii\framework\web\CController.php:484
Stack trace:
#0 C:\wamp\www\yii\framework\web\CController.php(271): CController->missingAction('php')
#1 C:\wamp\www\yii\framework\web\CWebApplication.php(276): CController->run('php')
#2 C:\wamp\www\yii\framework\web\CWebApplication.php(135): CWebApplication->runController('votaciones/php')
#3 C:\wamp\www\yii\framework\base\CApplication.php(162): CWebApplication->processRequest()
#4 C:\wamp\www\final\USIL-PHP-Teatro\index.php(13): CApplication->run()
#5 {main}
REQUEST_URI=/final/USIL-PHP-Teatro/index.php/votaciones/php
---
2012/07/02 05:12:16 [error] [exception.CHttpException.404] exception 'CHttpException' with message 'The system is unable to find the requested action "dirección de imagen".' in C:\wamp\www\yii\framework\web\CController.php:484
Stack trace:
#0 C:\wamp\www\yii\framework\web\CController.php(271): CController->missingAction('direcci??n de i...')
#1 C:\wamp\www\yii\framework\web\CWebApplication.php(276): CController->run('direcci??n de i...')
#2 C:\wamp\www\yii\framework\web\CWebApplication.php(135): CWebApplication->runController('votaciones/dire...')
#3 C:\wamp\www\yii\framework\base\CApplication.php(162): CWebApplication->processRequest()
#4 C:\wamp\www\final\USIL-PHP-Teatro\index.php(13): CApplication->run()
#5 {main}
REQUEST_URI=/final/USIL-PHP-Teatro/index.php/votaciones/direcci%C3%B3n%20de%20imagen
HTTP_REFERER=http://localhost/final/USIL-PHP-Teatro/index.php/votaciones/browse?gid=1
---
2012/07/02 05:12:16 [error] [exception.CHttpException.404] exception 'CHttpException' with message 'The system is unable to find the requested action "dirección de imagen".' in C:\wamp\www\yii\framework\web\CController.php:484
Stack trace:
#0 C:\wamp\www\yii\framework\web\CController.php(271): CController->missingAction('direcci??n de i...')
#1 C:\wamp\www\yii\framework\web\CWebApplication.php(276): CController->run('direcci??n de i...')
#2 C:\wamp\www\yii\framework\web\CWebApplication.php(135): CWebApplication->runController('votaciones/dire...')
#3 C:\wamp\www\yii\framework\base\CApplication.php(162): CWebApplication->processRequest()
#4 C:\wamp\www\final\USIL-PHP-Teatro\index.php(13): CApplication->run()
#5 {main}
REQUEST_URI=/final/USIL-PHP-Teatro/index.php/votaciones/direcci%C3%B3n%20de%20imagen
---
2012/07/02 05:18:25 [error] [exception.CHttpException.404] exception 'CHttpException' with message 'The system is unable to find the requested action "caracteres".' in C:\wamp\www\yii\framework\web\CController.php:484
Stack trace:
#0 C:\wamp\www\yii\framework\web\CController.php(271): CController->missingAction('caracteres')
#1 C:\wamp\www\yii\framework\web\CWebApplication.php(276): CController->run('caracteres')
#2 C:\wamp\www\yii\framework\web\CWebApplication.php(135): CWebApplication->runController('votaciones/cara...')
#3 C:\wamp\www\yii\framework\base\CApplication.php(162): CWebApplication->processRequest()
#4 C:\wamp\www\final\USIL-PHP-Teatro\index.php(13): CApplication->run()
#5 {main}
REQUEST_URI=/final/USIL-PHP-Teatro/index.php/votaciones/caracteres
HTTP_REFERER=http://localhost/final/USIL-PHP-Teatro/index.php/votaciones/browse?gid=2
---
2012/07/02 05:18:25 [error] [exception.CHttpException.404] exception 'CHttpException' with message 'The system is unable to find the requested action "php".' in C:\wamp\www\yii\framework\web\CController.php:484
Stack trace:
#0 C:\wamp\www\yii\framework\web\CController.php(271): CController->missingAction('php')
#1 C:\wamp\www\yii\framework\web\CWebApplication.php(276): CController->run('php')
#2 C:\wamp\www\yii\framework\web\CWebApplication.php(135): CWebApplication->runController('votaciones/php')
#3 C:\wamp\www\yii\framework\base\CApplication.php(162): CWebApplication->processRequest()
#4 C:\wamp\www\final\USIL-PHP-Teatro\index.php(13): CApplication->run()
#5 {main}
REQUEST_URI=/final/USIL-PHP-Teatro/index.php/votaciones/php
HTTP_REFERER=http://localhost/final/USIL-PHP-Teatro/index.php/votaciones/browse?gid=2
---
2012/07/02 05:18:25 [error] [exception.CHttpException.404] exception 'CHttpException' with message 'The system is unable to find the requested action "php".' in C:\wamp\www\yii\framework\web\CController.php:484
Stack trace:
#0 C:\wamp\www\yii\framework\web\CController.php(271): CController->missingAction('php')
#1 C:\wamp\www\yii\framework\web\CWebApplication.php(276): CController->run('php')
#2 C:\wamp\www\yii\framework\web\CWebApplication.php(135): CWebApplication->runController('votaciones/php')
#3 C:\wamp\www\yii\framework\base\CApplication.php(162): CWebApplication->processRequest()
#4 C:\wamp\www\final\USIL-PHP-Teatro\index.php(13): CApplication->run()
#5 {main}
REQUEST_URI=/final/USIL-PHP-Teatro/index.php/votaciones/php
---
2012/07/02 05:18:26 [error] [exception.CHttpException.404] exception 'CHttpException' with message 'The system is unable to find the requested action "caracteres".' in C:\wamp\www\yii\framework\web\CController.php:484
Stack trace:
#0 C:\wamp\www\yii\framework\web\CController.php(271): CController->missingAction('caracteres')
#1 C:\wamp\www\yii\framework\web\CWebApplication.php(276): CController->run('caracteres')
#2 C:\wamp\www\yii\framework\web\CWebApplication.php(135): CWebApplication->runController('votaciones/cara...')
#3 C:\wamp\www\yii\framework\base\CApplication.php(162): CWebApplication->processRequest()
#4 C:\wamp\www\final\USIL-PHP-Teatro\index.php(13): CApplication->run()
#5 {main}
REQUEST_URI=/final/USIL-PHP-Teatro/index.php/votaciones/caracteres
---
2012/07/02 05:22:02 [error] [exception.CHttpException.404] exception 'CHttpException' with message 'The system is unable to find the requested action "caracteres".' in C:\wamp\www\yii\framework\web\CController.php:484
Stack trace:
#0 C:\wamp\www\yii\framework\web\CController.php(271): CController->missingAction('caracteres')
#1 C:\wamp\www\yii\framework\web\CWebApplication.php(276): CController->run('caracteres')
#2 C:\wamp\www\yii\framework\web\CWebApplication.php(135): CWebApplication->runController('votaciones/cara...')
#3 C:\wamp\www\yii\framework\base\CApplication.php(162): CWebApplication->processRequest()
#4 C:\wamp\www\final\USIL-PHP-Teatro\index.php(13): CApplication->run()
#5 {main}
REQUEST_URI=/final/USIL-PHP-Teatro/index.php/votaciones/caracteres
HTTP_REFERER=http://localhost/final/USIL-PHP-Teatro/index.php/votaciones/browse?gid=2
---
2012/07/02 05:22:02 [error] [exception.CHttpException.404] exception 'CHttpException' with message 'The system is unable to find the requested action "caracteres".' in C:\wamp\www\yii\framework\web\CController.php:484
Stack trace:
#0 C:\wamp\www\yii\framework\web\CController.php(271): CController->missingAction('caracteres')
#1 C:\wamp\www\yii\framework\web\CWebApplication.php(276): CController->run('caracteres')
#2 C:\wamp\www\yii\framework\web\CWebApplication.php(135): CWebApplication->runController('votaciones/cara...')
#3 C:\wamp\www\yii\framework\base\CApplication.php(162): CWebApplication->processRequest()
#4 C:\wamp\www\final\USIL-PHP-Teatro\index.php(13): CApplication->run()
#5 {main}
REQUEST_URI=/final/USIL-PHP-Teatro/index.php/votaciones/caracteres
---
2012/07/02 05:22:25 [error] [exception.CHttpException.404] exception 'CHttpException' with message 'The system is unable to find the requested action "caracteres".' in C:\wamp\www\yii\framework\web\CController.php:484
Stack trace:
#0 C:\wamp\www\yii\framework\web\CController.php(271): CController->missingAction('caracteres')
#1 C:\wamp\www\yii\framework\web\CWebApplication.php(276): CController->run('caracteres')
#2 C:\wamp\www\yii\framework\web\CWebApplication.php(135): CWebApplication->runController('votaciones/cara...')
#3 C:\wamp\www\yii\framework\base\CApplication.php(162): CWebApplication->processRequest()
#4 C:\wamp\www\final\USIL-PHP-Teatro\index.php(13): CApplication->run()
#5 {main}
REQUEST_URI=/final/USIL-PHP-Teatro/index.php/votaciones/caracteres
HTTP_REFERER=http://localhost/final/USIL-PHP-Teatro/index.php/votaciones/browse?gid=2
---
2012/07/02 05:22:26 [error] [exception.CHttpException.404] exception 'CHttpException' with message 'The system is unable to find the requested action "caracteres".' in C:\wamp\www\yii\framework\web\CController.php:484
Stack trace:
#0 C:\wamp\www\yii\framework\web\CController.php(271): CController->missingAction('caracteres')
#1 C:\wamp\www\yii\framework\web\CWebApplication.php(276): CController->run('caracteres')
#2 C:\wamp\www\yii\framework\web\CWebApplication.php(135): CWebApplication->runController('votaciones/cara...')
#3 C:\wamp\www\yii\framework\base\CApplication.php(162): CWebApplication->processRequest()
#4 C:\wamp\www\final\USIL-PHP-Teatro\index.php(13): CApplication->run()
#5 {main}
REQUEST_URI=/final/USIL-PHP-Teatro/index.php/votaciones/caracteres
---
